F:\TESTC\FLTK\PROJECT\PROJECT\DEBUG\VC110.IDB
F:\TESTC\FLTK\PROJECT\PROJECT\DEBUG\VC110.PDB
F:\TESTC\FLTK\PROJECT\PROJECT\DEBUG\STORAGE.OBJ
F:\TESTC\FLTK\PROJECT\PROJECT\DEBUG\TRANSACTION.OBJ
F:\TESTC\FLTK\PROJECT\PROJECT\DEBUG\STATEMENT.OBJ
F:\TESTC\FLTK\PROJECT\PROJECT\DEBUG\DATABASE.OBJ
F:\TESTC\FLTK\PROJECT\PROJECT\DEBUG\COLUMN.OBJ
F:\TESTC\FLTK\PROJECT\PROJECT\DEBUG\SALARYMANAGEPAGE.OBJ
F:\TESTC\FLTK\PROJECT\PROJECT\DEBUG\QUERYEMPLOYEEPAGE.OBJ
F:\TESTC\FLTK\PROJECT\PROJECT\DEBUG\MAINPAGE.OBJ
F:\TESTC\FLTK\PROJECT\PROJECT\DEBUG\LOGIN.OBJ
F:\TESTC\FLTK\PROJECT\PROJECT\DEBUG\HRPAGE.OBJ
F:\TESTC\FLTK\PROJECT\PROJECT\DEBUG\ADDEMPLOYEEPAGE.OBJ
F:\TESTC\FLTK\PROJECT\PROJECT\DEBUG\ENTRY.OBJ
F:\TESTC\FLTK\PROJECT\PROJECT\DEBUG\USERDATA.OBJ
F:\TESTC\FLTK\PROJECT\PROJECT\DEBUG\EMPLOYEEDATA.OBJ
F:\TESTC\FLTK\PROJECT\PROJECT\DEBUG\SQLITE3.OBJ
F:\TESTC\FLTK\PROJECT\DEBUG\PROJECT.ILK
F:\TESTC\FLTK\PROJECT\DEBUG\PROJECT.EXE
F:\TESTC\FLTK\PROJECT\DEBUG\PROJECT.PDB
F:\TestC\FLTK\project\project\Debug\AddEmployeePage.obj
F:\TestC\FLTK\project\project\Debug\Column.obj
F:\TestC\FLTK\project\project\Debug\Database.obj
F:\TestC\FLTK\project\project\Debug\EmployeeData.obj
F:\TestC\FLTK\project\project\Debug\entry.obj
F:\TestC\FLTK\project\project\Debug\HRPage.obj
F:\TestC\FLTK\project\project\Debug\Login.obj
F:\TestC\FLTK\project\project\Debug\MainPage.obj
F:\TestC\FLTK\project\project\Debug\queryEmployeePage.obj
F:\TestC\FLTK\project\project\Debug\salaryManagePage.obj
F:\TestC\FLTK\project\project\Debug\sqlite3.obj
F:\TestC\FLTK\project\project\Debug\Statement.obj
F:\TestC\FLTK\project\project\Debug\Storage.obj
F:\TestC\FLTK\project\project\Debug\Transaction.obj
F:\TestC\FLTK\project\project\Debug\UserData.obj
F:\TestC\FLTK\project\project\Debug\cl.command.1.tlog
F:\TestC\FLTK\project\project\Debug\CL.read.1.tlog
F:\TestC\FLTK\project\project\Debug\CL.write.1.tlog
F:\TestC\FLTK\project\project\Debug\link-cvtres.read.1.tlog
F:\TestC\FLTK\project\project\Debug\link-cvtres.write.1.tlog
F:\TestC\FLTK\project\project\Debug\link-rc.read.1.tlog
F:\TestC\FLTK\project\project\Debug\link-rc.write.1.tlog
F:\TestC\FLTK\project\project\Debug\link.2292-cvtres.read.1.tlog
F:\TestC\FLTK\project\project\Debug\link.2292-cvtres.write.1.tlog
F:\TestC\FLTK\project\project\Debug\link.2292-rc.read.1.tlog
F:\TestC\FLTK\project\project\Debug\link.2292-rc.write.1.tlog
F:\TestC\FLTK\project\project\Debug\link.2292.read.1.tlog
F:\TestC\FLTK\project\project\Debug\link.2292.read.2.tlog
F:\TestC\FLTK\project\project\Debug\link.2292.write.1.tlog
F:\TestC\FLTK\project\project\Debug\link.3000-cvtres.read.1.tlog
F:\TestC\FLTK\project\project\Debug\link.3000-cvtres.write.1.tlog
F:\TestC\FLTK\project\project\Debug\link.3000-rc.read.1.tlog
F:\TestC\FLTK\project\project\Debug\link.3000-rc.write.1.tlog
F:\TestC\FLTK\project\project\Debug\link.3000.read.1.tlog
F:\TestC\FLTK\project\project\Debug\link.3000.read.2.tlog
F:\TestC\FLTK\project\project\Debug\link.3000.write.1.tlog
F:\TestC\FLTK\project\project\Debug\link.4276-cvtres.read.1.tlog
F:\TestC\FLTK\project\project\Debug\link.4276-cvtres.write.1.tlog
F:\TestC\FLTK\project\project\Debug\link.4276-rc.read.1.tlog
F:\TestC\FLTK\project\project\Debug\link.4276-rc.write.1.tlog
F:\TestC\FLTK\project\project\Debug\link.4276.read.1.tlog
F:\TestC\FLTK\project\project\Debug\link.4276.read.2.tlog
F:\TestC\FLTK\project\project\Debug\link.4276.write.1.tlog
F:\TestC\FLTK\project\project\Debug\link.5284-cvtres.read.1.tlog
F:\TestC\FLTK\project\project\Debug\link.5284-cvtres.write.1.tlog
F:\TestC\FLTK\project\project\Debug\link.5284-rc.read.1.tlog
F:\TestC\FLTK\project\project\Debug\link.5284-rc.write.1.tlog
F:\TestC\FLTK\project\project\Debug\link.5284.read.1.tlog
F:\TestC\FLTK\project\project\Debug\link.5284.read.2.tlog
F:\TestC\FLTK\project\project\Debug\link.5284.write.1.tlog
F:\TestC\FLTK\project\project\Debug\link.9000-cvtres.read.1.tlog
F:\TestC\FLTK\project\project\Debug\link.9000-cvtres.write.1.tlog
F:\TestC\FLTK\project\project\Debug\link.9000-rc.read.1.tlog
F:\TestC\FLTK\project\project\Debug\link.9000-rc.write.1.tlog
F:\TestC\FLTK\project\project\Debug\link.9000.read.1.tlog
F:\TestC\FLTK\project\project\Debug\link.9000.read.2.tlog
F:\TestC\FLTK\project\project\Debug\link.9000.write.1.tlog
F:\TestC\FLTK\project\project\Debug\link.command.1.tlog
F:\TestC\FLTK\project\project\Debug\link.read.1.tlog
F:\TestC\FLTK\project\project\Debug\link.read.2.tlog
F:\TestC\FLTK\project\project\Debug\link.write.1.tlog
F:\TestC\FLTK\project\project\Debug\vc110.idb
F:\TestC\FLTK\project\project\Debug\vc110.pdb
F:\TestC\FLTK\project\Debug\project.pdb
F:\TestC\FLTK\project\Debug\project.exe
F:\TestC\FLTK\project\Debug\project.ilk
